Determining if the pthread_create exist failed with the following output:
Change Dir: /tmp/tmp.6hsHnao3kn/cmake-build-debug-service_base_v3/CMakeFiles/CMakeTmp

Run Build Command:"/usr/bin/make" "cmTC_be209/fast"
/usr/bin/make -f CMakeFiles/cmTC_be209.dir/build.make CMakeFiles/cmTC_be209.dir/build
make[1]: Entering directory '/tmp/tmp.6hsHnao3kn/cmake-build-debug-service_base_v3/CMakeFiles/CMakeTmp'
Building C object CMakeFiles/cmTC_be209.dir/CheckSymbolExists.c.o
/usr/bin/cc     -o CMakeFiles/cmTC_be209.dir/CheckSymbolExists.c.o   -c /tmp/tmp.6hsHnao3kn/cmake-build-debug-service_base_v3/CMakeFiles/CMakeTmp/CheckSymbolExists.c
Linking C executable cmTC_be209
/usr/bin/cmake -E cmake_link_script CMakeFiles/cmTC_be209.dir/link.txt --verbose=1
/usr/bin/cc       CMakeFiles/cmTC_be209.dir/CheckSymbolExists.c.o  -o cmTC_be209 -rdynamic 
CMakeFiles/cmTC_be209.dir/CheckSymbolExists.c.o: In function `main':
CheckSymbolExists.c:(.text+0x16): undefined reference to `pthread_create'
collect2: error: ld returned 1 exit status
CMakeFiles/cmTC_be209.dir/build.make:97: recipe for target 'cmTC_be209' failed
make[1]: *** [cmTC_be209] Error 1
make[1]: Leaving directory '/tmp/tmp.6hsHnao3kn/cmake-build-debug-service_base_v3/CMakeFiles/CMakeTmp'
Makefile:126: recipe for target 'cmTC_be209/fast' failed
make: *** [cmTC_be209/fast] Error 2

File /tmp/tmp.6hsHnao3kn/cmake-build-debug-service_base_v3/CMakeFiles/CMakeTmp/CheckSymbolExists.c:
/* */
#include <pthread.h>

int main(int argc, char** argv)
{
  (void)argv;
#ifndef pthread_create
  return ((int*)(&pthread_create))[argc];
#else
  (void)argc;
  return 0;
#endif
}

Determining if the function pthread_create exists in the pthreads failed with the following output:
Change Dir: /tmp/tmp.6hsHnao3kn/cmake-build-debug-service_base_v3/CMakeFiles/CMakeTmp

Run Build Command:"/usr/bin/make" "cmTC_daa02/fast"
/usr/bin/make -f CMakeFiles/cmTC_daa02.dir/build.make CMakeFiles/cmTC_daa02.dir/build
make[1]: Entering directory '/tmp/tmp.6hsHnao3kn/cmake-build-debug-service_base_v3/CMakeFiles/CMakeTmp'
Building C object CMakeFiles/cmTC_daa02.dir/CheckFunctionExists.c.o
/usr/bin/cc    -DCHECK_FUNCTION_EXISTS=pthread_create   -o CMakeFiles/cmTC_daa02.dir/CheckFunctionExists.c.o   -c /usr/share/cmake-3.5/Modules/CheckFunctionExists.c
Linking C executable cmTC_daa02
/usr/bin/cmake -E cmake_link_script CMakeFiles/cmTC_daa02.dir/link.txt --verbose=1
/usr/bin/cc   -DCHECK_FUNCTION_EXISTS=pthread_create    CMakeFiles/cmTC_daa02.dir/CheckFunctionExists.c.o  -o cmTC_daa02 -rdynamic -lpthreads 
/usr/bin/ld: cannot find -lpthreads
collect2: error: ld returned 1 exit status
CMakeFiles/cmTC_daa02.dir/build.make:97: recipe for target 'cmTC_daa02' failed
make[1]: *** [cmTC_daa02] Error 1
make[1]: Leaving directory '/tmp/tmp.6hsHnao3kn/cmake-build-debug-service_base_v3/CMakeFiles/CMakeTmp'
Makefile:126: recipe for target 'cmTC_daa02/fast' failed
make: *** [cmTC_daa02/fast] Error 2


